2025-12-05 23:25:55:    ▲ Next.js 16.0.6
2025-12-05 23:25:55:    - Local:         http://localhost:3000
2025-12-05 23:25:55:    - Network:       http://192.168.1.87:3000
2025-12-05 23:25:55: 
2025-12-05 23:25:55:  ✓ Starting...
2025-12-05 23:25:55:  ✓ Ready in 572ms
2025-12-05 23:27:17:    ▲ Next.js 16.0.6
2025-12-05 23:27:17:    - Local:         http://localhost:3000
2025-12-05 23:27:17:    - Network:       http://192.168.1.87:3000
2025-12-05 23:27:17: 
2025-12-05 23:27:17:  ✓ Starting...
2025-12-05 23:27:17:  ✓ Ready in 227ms
2025-12-05 23:27:20: [landing] buildEncodedHtml start
2025-12-05 23:27:20: [landing] NODE_ENV = production
2025-12-05 23:27:20: [landing] __dirname = /ROOT/app
2025-12-05 23:27:20: [landing] cwd = /Users/ace/Desktop/nextjs-boilerplate-main
2025-12-05 23:27:20: [landing] htmlPath = /landing.html
2025-12-05 23:27:20: [landing] jsPath = /landing-secret.js
2025-12-05 23:27:52:    ▲ Next.js 16.0.6
2025-12-05 23:27:52:    - Local:         http://localhost:3000
2025-12-05 23:27:52:    - Network:       http://192.168.1.87:3000
2025-12-05 23:27:52: 
2025-12-05 23:27:52:  ✓ Starting...
2025-12-05 23:27:52:  ✓ Ready in 297ms
2025-12-05 23:28:11:    ▲ Next.js 16.0.6
2025-12-05 23:28:11:    - Local:         http://localhost:3000
2025-12-05 23:28:11:    - Network:       http://192.168.1.87:3000
2025-12-05 23:28:11: 
2025-12-05 23:28:11:  ✓ Starting...
2025-12-05 23:28:11:  ✓ Ready in 331ms
2025-12-05 23:28:13: [landing] buildEncodedHtml start
2025-12-05 23:28:13: [landing] NODE_ENV = production
2025-12-05 23:28:13: [landing] __dirname = /ROOT/app
2025-12-05 23:28:13: [landing] cwd = /Users/ace/Desktop/nextjs-boilerplate-main
2025-12-05 23:28:13: [landing] htmlPath = /Users/ace/Desktop/nextjs-boilerplate-main/landing.html
2025-12-05 23:28:13: [landing] jsPath = /Users/ace/Desktop/nextjs-boilerplate-main/landing-secret.js
2025-12-05 23:28:13: [landing] read files ok
2025-12-05 23:28:13: [download] DOWNLOAD_API_URL = undefined
2025-12-05 23:28:13: [landing] urls = # #
2025-12-05 23:28:13: [landing] encoded len = 2010
2025-12-05 23:32:08: [landing] buildEncodedHtml start
2025-12-05 23:32:08: [landing] NODE_ENV = production
2025-12-05 23:32:08: [landing] __dirname = /ROOT/app
2025-12-05 23:32:08: [landing] cwd = /Users/ace/Desktop/nextjs-boilerplate-main
2025-12-05 23:32:08: [landing] htmlPath = /Users/ace/Desktop/nextjs-boilerplate-main/landing.html
2025-12-05 23:32:08: [landing] jsPath = /Users/ace/Desktop/nextjs-boilerplate-main/landing-secret.js
2025-12-05 23:32:08: [landing] read files ok
2025-12-05 23:32:08: [download] DOWNLOAD_API_URL = undefined
2025-12-05 23:32:08: [landing] urls = # #
2025-12-05 23:32:08: [landing] encoded len = 2010
2025-12-05 23:41:15: [landing] buildEncodedHtml start
2025-12-05 23:41:15: [landing] NODE_ENV = production
2025-12-05 23:41:15: [landing] __dirname = /ROOT/app
2025-12-05 23:41:15: [landing] cwd = /Users/ace/Desktop/nextjs-boilerplate-main
2025-12-05 23:41:15: [landing] htmlPath = /Users/ace/Desktop/nextjs-boilerplate-main/landing.html
2025-12-05 23:41:15: [landing] jsPath = /Users/ace/Desktop/nextjs-boilerplate-main/landing-secret.js
2025-12-05 23:41:15: [landing] read files ok
2025-12-05 23:41:15: [download] DOWNLOAD_API_URL = undefined
2025-12-05 23:41:15: [landing] urls = # #
2025-12-05 23:41:15: [landing] encoded len = 2010
2025-12-05 23:43:56:    ▲ Next.js 16.0.6
2025-12-05 23:43:56:    - Local:         http://localhost:3000
2025-12-05 23:43:56:    - Network:       http://192.168.1.87:3000
2025-12-05 23:43:56: 
2025-12-05 23:43:56:  ✓ Starting...
2025-12-05 23:43:56:  ✓ Ready in 399ms
2025-12-06 21:41:38:    ▲ Next.js 16.0.6
2025-12-06 21:41:38:    - Local:         http://localhost:3000
2025-12-06 21:41:38:    - Network:       http://192.168.1.87:3000
2025-12-06 21:41:38: 
2025-12-06 21:41:38:  ✓ Starting...
2025-12-06 21:41:38:  ✓ Ready in 325ms
2025-12-06 21:41:40: { url: [Getter] } import.meta
2025-12-06 21:41:40: [landing] buildEncodedHtml start
2025-12-06 21:41:40: [landing] NODE_ENV = production
2025-12-06 21:41:40: [landing] __dirname = /ROOT/app
2025-12-06 21:41:40: [landing] cwd = /Users/ace/Desktop/nextjs-boilerplate-main
2025-12-06 21:41:40: [landing] htmlPath = /Users/ace/Desktop/nextjs-boilerplate-main/landing.html
2025-12-06 21:41:40: [landing] jsPath = /Users/ace/Desktop/nextjs-boilerplate-main/landing-secret.js
2025-12-06 21:41:40: [landing] read files ok
2025-12-06 21:43:58:    ▲ Next.js 16.0.6
2025-12-06 21:43:58:    - Local:         http://localhost:3000
2025-12-06 21:43:58:    - Network:       http://192.168.1.87:3000
2025-12-06 21:43:58: 
2025-12-06 21:43:58:  ✓ Starting...
2025-12-06 21:43:58:  ✓ Ready in 229ms
2025-12-06 21:43:59: { url: [Getter] } import.meta
2025-12-06 21:43:59: [landing] buildEncodedHtml start
2025-12-06 21:43:59: [landing] NODE_ENV = production
2025-12-06 21:43:59: [landing] __dirname = /ROOT/app
2025-12-06 21:43:59: [landing] cwd = /Users/ace/Desktop/nextjs-boilerplate-main
2025-12-06 21:43:59: [landing] htmlPath = /Users/ace/Desktop/nextjs-boilerplate-main/landing.html
2025-12-06 21:43:59: [landing] jsPath = /Users/ace/Desktop/nextjs-boilerplate-main/landing-secret.js
2025-12-06 21:43:59: [landing] read files ok
2025-12-06 21:43:59: [download] DOWNLOAD_API_URL = undefined
2025-12-06 21:43:59: [landing] urls = # #
2025-12-06 21:43:59: [landing] encoded len = 2010
2025-12-06 21:45:32:    ▲ Next.js 16.0.6
2025-12-06 21:45:32:    - Local:         http://localhost:3000
2025-12-06 21:45:32:    - Network:       http://192.168.1.87:3000
2025-12-06 21:45:32: 
2025-12-06 21:45:32:  ✓ Starting...
2025-12-06 21:45:32:  ✓ Ready in 291ms
2025-12-06 21:45:39: { url: [Getter] } import.meta
2025-12-06 21:45:39: [landing] buildEncodedHtml start
2025-12-06 21:45:39: [landing] NODE_ENV = production
2025-12-06 21:45:39: [landing] __dirname = /ROOT/app
2025-12-06 21:45:39: [landing] cwd = /Users/ace/Desktop/nextjs-boilerplate-main
2025-12-06 21:45:39: [landing] htmlPath = /Users/ace/Desktop/nextjs-boilerplate-main/landing.html
2025-12-06 21:45:39: [landing] jsPath = /Users/ace/Desktop/nextjs-boilerplate-main/landing-secret.js
2025-12-06 21:45:39: [landing] read files ok
2025-12-06 23:29:37:    ▲ Next.js 16.0.6
2025-12-06 23:29:37:    - Local:         http://localhost:3000
2025-12-06 23:29:37:    - Network:       http://192.168.1.87:3000
2025-12-06 23:29:37: 
2025-12-06 23:29:37:  ✓ Starting...
2025-12-06 23:29:37:  ✓ Ready in 438ms
