2025-12-05 23:25:55:    ▲ Next.js 16.0.6
2025-12-05 23:25:55:    - Local:         http://localhost:3000
2025-12-05 23:25:55:    - Network:       http://192.168.1.87:3000
2025-12-05 23:25:55: 
2025-12-05 23:25:55:  ✓ Starting...
2025-12-05 23:25:55:  ✓ Ready in 557ms
2025-12-05 23:27:18:    ▲ Next.js 16.0.6
2025-12-05 23:27:18:    - Local:         http://localhost:3000
2025-12-05 23:27:18:    - Network:       http://192.168.1.87:3000
2025-12-05 23:27:18: 
2025-12-05 23:27:18:  ✓ Starting...
2025-12-05 23:27:18:  ✓ Ready in 220ms
2025-12-05 23:27:52:    ▲ Next.js 16.0.6
2025-12-05 23:27:52:    - Local:         http://localhost:3000
2025-12-05 23:27:52:    - Network:       http://192.168.1.87:3000
2025-12-05 23:27:52: 
2025-12-05 23:27:52:  ✓ Starting...
2025-12-05 23:27:52:  ✓ Ready in 277ms
2025-12-05 23:28:11:    ▲ Next.js 16.0.6
2025-12-05 23:28:11:    - Local:         http://localhost:3000
2025-12-05 23:28:11:    - Network:       http://192.168.1.87:3000
2025-12-05 23:28:11: 
2025-12-05 23:28:11:  ✓ Starting...
2025-12-05 23:28:11:  ✓ Ready in 278ms
2025-12-05 23:43:57:    ▲ Next.js 16.0.6
2025-12-05 23:43:57:    - Local:         http://localhost:3000
2025-12-05 23:43:57:    - Network:       http://192.168.1.87:3000
2025-12-05 23:43:57: 
2025-12-05 23:43:57:  ✓ Starting...
2025-12-05 23:43:57:  ✓ Ready in 354ms
2025-12-06 21:41:38:    ▲ Next.js 16.0.6
2025-12-06 21:41:38:    - Local:         http://localhost:3000
2025-12-06 21:41:38:    - Network:       http://192.168.1.87:3000
2025-12-06 21:41:38: 
2025-12-06 21:41:38:  ✓ Starting...
2025-12-06 21:41:39:  ✓ Ready in 293ms
2025-12-06 21:43:58:    ▲ Next.js 16.0.6
2025-12-06 21:43:58:    - Local:         http://localhost:3000
2025-12-06 21:43:58:    - Network:       http://192.168.1.87:3000
2025-12-06 21:43:58: 
2025-12-06 21:43:58:  ✓ Starting...
2025-12-06 21:43:59:  ✓ Ready in 214ms
2025-12-06 21:45:32:    ▲ Next.js 16.0.6
2025-12-06 21:45:32:    - Local:         http://localhost:3000
2025-12-06 21:45:32:    - Network:       http://192.168.1.87:3000
2025-12-06 21:45:32: 
2025-12-06 21:45:32:  ✓ Starting...
2025-12-06 21:45:32:  ✓ Ready in 269ms
2025-12-06 23:29:37:    ▲ Next.js 16.0.6
2025-12-06 23:29:37:    - Local:         http://localhost:3000
2025-12-06 23:29:37:    - Network:       http://192.168.1.87:3000
2025-12-06 23:29:37: 
2025-12-06 23:29:37:  ✓ Starting...
2025-12-06 23:29:37:  ✓ Ready in 412ms
