2025-12-05 23:25:55:    ▲ Next.js 16.0.6
2025-12-05 23:25:55:    - Local:         http://localhost:3000
2025-12-05 23:25:55:    - Network:       http://192.168.1.87:3000
2025-12-05 23:25:55: 
2025-12-05 23:25:55:  ✓ Starting...
2025-12-05 23:25:55:  ✓ Ready in 657ms
2025-12-05 23:27:17:    ▲ Next.js 16.0.6
2025-12-05 23:27:17:    - Local:         http://localhost:3000
2025-12-05 23:27:17:    - Network:       http://192.168.1.87:3000
2025-12-05 23:27:17: 
2025-12-05 23:27:17:  ✓ Starting...
2025-12-05 23:27:18:  ✓ Ready in 235ms
2025-12-05 23:27:52:    ▲ Next.js 16.0.6
2025-12-05 23:27:52:    - Local:         http://localhost:3000
2025-12-05 23:27:52:    - Network:       http://192.168.1.87:3000
2025-12-05 23:27:52: 
2025-12-05 23:27:52:  ✓ Starting...
2025-12-05 23:27:52:  ✓ Ready in 419ms
2025-12-05 23:28:01: [landing] buildEncodedHtml start
2025-12-05 23:28:01: [landing] NODE_ENV = production
2025-12-05 23:28:01: [landing] __dirname = /ROOT/app
2025-12-05 23:28:01: [landing] cwd = /Users/ace/Desktop/nextjs-boilerplate-main
2025-12-05 23:28:01: [landing] htmlPath = /Users/ace/Desktop/nextjs-boilerplate-main/landing.html
2025-12-05 23:28:01: [landing] jsPath = /Users/ace/Desktop/nextjs-boilerplate-main/landing-secret.js
2025-12-05 23:28:01: [landing] read files ok
2025-12-05 23:28:01: [download] DOWNLOAD_API_URL = undefined
2025-12-05 23:28:01: [landing] urls = # #
2025-12-05 23:28:01: [landing] encoded len = 2010
2025-12-05 23:28:11:    ▲ Next.js 16.0.6
2025-12-05 23:28:11:    - Local:         http://localhost:3000
2025-12-05 23:28:11:    - Network:       http://192.168.1.87:3000
2025-12-05 23:28:11: 
2025-12-05 23:28:11:  ✓ Starting...
2025-12-05 23:28:11:  ✓ Ready in 372ms
2025-12-05 23:41:15: [landing] buildEncodedHtml start
2025-12-05 23:41:15: [landing] NODE_ENV = production
2025-12-05 23:41:15: [landing] __dirname = /ROOT/app
2025-12-05 23:41:15: [landing] cwd = /Users/ace/Desktop/nextjs-boilerplate-main
2025-12-05 23:41:15: [landing] htmlPath = /Users/ace/Desktop/nextjs-boilerplate-main/landing.html
2025-12-05 23:41:15: [landing] jsPath = /Users/ace/Desktop/nextjs-boilerplate-main/landing-secret.js
2025-12-05 23:41:15: [landing] read files ok
2025-12-05 23:41:15: [download] DOWNLOAD_API_URL = undefined
2025-12-05 23:41:15: [landing] urls = # #
2025-12-05 23:41:15: [landing] encoded len = 2010
2025-12-05 23:43:56:    ▲ Next.js 16.0.6
2025-12-05 23:43:56:    - Local:         http://localhost:3000
2025-12-05 23:43:56:    - Network:       http://192.168.1.87:3000
2025-12-05 23:43:56: 
2025-12-05 23:43:56:  ✓ Starting...
2025-12-05 23:43:57:  ✓ Ready in 541ms
2025-12-05 23:44:00: [landing] buildEncodedHtml start
2025-12-05 23:44:00: [landing] NODE_ENV = production
2025-12-05 23:44:00: [landing] __dirname = /ROOT/app
2025-12-05 23:44:00: [landing] cwd = /Users/ace/Desktop/nextjs-boilerplate-main
2025-12-05 23:44:00: [landing] htmlPath = /Users/ace/Desktop/nextjs-boilerplate-main/landing.html
2025-12-05 23:44:00: [landing] jsPath = /Users/ace/Desktop/nextjs-boilerplate-main/landing-secret.js
2025-12-05 23:44:00: [landing] read files ok
2025-12-05 23:44:00: [download] DOWNLOAD_API_URL = undefined
2025-12-05 23:44:00: [landing] urls = # #
2025-12-05 23:44:00: [landing] encoded len = 2010
2025-12-05 23:44:00: [landing] buildEncodedHtml start
2025-12-05 23:44:00: [landing] NODE_ENV = production
2025-12-05 23:44:00: [landing] __dirname = /ROOT/app
2025-12-05 23:44:00: [landing] cwd = /Users/ace/Desktop/nextjs-boilerplate-main
2025-12-05 23:44:00: [landing] htmlPath = /Users/ace/Desktop/nextjs-boilerplate-main/landing.html
2025-12-05 23:44:00: [landing] jsPath = /Users/ace/Desktop/nextjs-boilerplate-main/landing-secret.js
2025-12-05 23:44:00: [landing] read files ok
2025-12-05 23:44:00: [download] DOWNLOAD_API_URL = undefined
2025-12-05 23:44:00: [landing] urls = # #
2025-12-05 23:44:00: [landing] encoded len = 2010
2025-12-05 23:45:11: [landing] buildEncodedHtml start
2025-12-05 23:45:11: [landing] NODE_ENV = production
2025-12-05 23:45:11: [landing] __dirname = /ROOT/app
2025-12-05 23:45:11: [landing] cwd = /Users/ace/Desktop/nextjs-boilerplate-main
2025-12-05 23:45:11: [landing] htmlPath = /Users/ace/Desktop/nextjs-boilerplate-main/landing.html
2025-12-05 23:45:11: [landing] jsPath = /Users/ace/Desktop/nextjs-boilerplate-main/landing-secret.js
2025-12-05 23:45:11: [landing] read files ok
2025-12-05 23:45:11: [download] DOWNLOAD_API_URL = undefined
2025-12-05 23:45:11: [landing] urls = # #
2025-12-05 23:45:11: [landing] encoded len = 2010
2025-12-06 21:39:23: [landing] buildEncodedHtml start
2025-12-06 21:39:23: [landing] NODE_ENV = production
2025-12-06 21:39:23: [landing] __dirname = /ROOT/app
2025-12-06 21:39:23: [landing] cwd = /Users/ace/Desktop/nextjs-boilerplate-main
2025-12-06 21:39:23: [landing] htmlPath = /Users/ace/Desktop/nextjs-boilerplate-main/landing.html
2025-12-06 21:39:23: [landing] jsPath = /Users/ace/Desktop/nextjs-boilerplate-main/landing-secret.js
2025-12-06 21:39:23: [landing] read files ok
2025-12-06 21:39:23: [download] DOWNLOAD_API_URL = undefined
2025-12-06 21:39:23: [landing] urls = # #
2025-12-06 21:39:23: [landing] encoded len = 2010
2025-12-06 21:39:32: [landing] buildEncodedHtml start
2025-12-06 21:39:32: [landing] NODE_ENV = production
2025-12-06 21:39:32: [landing] __dirname = /ROOT/app
2025-12-06 21:39:32: [landing] cwd = /Users/ace/Desktop/nextjs-boilerplate-main
2025-12-06 21:39:32: [landing] htmlPath = /Users/ace/Desktop/nextjs-boilerplate-main/landing.html
2025-12-06 21:39:32: [landing] jsPath = /Users/ace/Desktop/nextjs-boilerplate-main/landing-secret.js
2025-12-06 21:39:32: [landing] read files ok
2025-12-06 21:39:32: [download] DOWNLOAD_API_URL = undefined
2025-12-06 21:39:32: [landing] urls = # #
2025-12-06 21:39:32: [landing] encoded len = 2010
2025-12-06 21:41:38:    ▲ Next.js 16.0.6
2025-12-06 21:41:38:    - Local:         http://localhost:3000
2025-12-06 21:41:38:    - Network:       http://192.168.1.87:3000
2025-12-06 21:41:38: 
2025-12-06 21:41:38:  ✓ Starting...
2025-12-06 21:41:38:  ✓ Ready in 375ms
2025-12-06 21:43:58:    ▲ Next.js 16.0.6
2025-12-06 21:43:58:    - Local:         http://localhost:3000
2025-12-06 21:43:58:    - Network:       http://192.168.1.87:3000
2025-12-06 21:43:58: 
2025-12-06 21:43:58:  ✓ Starting...
2025-12-06 21:43:58:  ✓ Ready in 239ms
2025-12-06 21:44:00: { url: [Getter] } import.meta
2025-12-06 21:44:00: [landing] buildEncodedHtml start
2025-12-06 21:44:00: [landing] NODE_ENV = production
2025-12-06 21:44:00: [landing] __dirname = /ROOT/app
2025-12-06 21:44:00: [landing] cwd = /Users/ace/Desktop/nextjs-boilerplate-main
2025-12-06 21:44:00: [landing] htmlPath = /Users/ace/Desktop/nextjs-boilerplate-main/landing.html
2025-12-06 21:44:00: [landing] jsPath = /Users/ace/Desktop/nextjs-boilerplate-main/landing-secret.js
2025-12-06 21:44:00: [landing] read files ok
2025-12-06 21:44:00: [download] DOWNLOAD_API_URL = undefined
2025-12-06 21:44:00: [landing] urls = # #
2025-12-06 21:44:00: [landing] encoded len = 2010
2025-12-06 21:45:32:    ▲ Next.js 16.0.6
2025-12-06 21:45:32:    - Local:         http://localhost:3000
2025-12-06 21:45:32:    - Network:       http://192.168.1.87:3000
2025-12-06 21:45:32: 
2025-12-06 21:45:32:  ✓ Starting...
2025-12-06 21:45:32:  ✓ Ready in 369ms
2025-12-06 23:29:37:    ▲ Next.js 16.0.6
2025-12-06 23:29:37:    - Local:         http://localhost:3000
2025-12-06 23:29:37:    - Network:       http://192.168.1.87:3000
2025-12-06 23:29:37: 
2025-12-06 23:29:37:  ✓ Starting...
2025-12-06 23:29:37:  ✓ Ready in 464ms
