2025-12-05 20:06:40:    ▲ Next.js 16.0.6
2025-12-05 20:06:40:    - Local:         http://localhost:3000
2025-12-05 20:06:40:    - Network:       http://0.0.0.0:3000
2025-12-05 20:06:40: 
2025-12-05 20:06:40:  ✓ Starting...
2025-12-05 20:06:40:    ▲ Next.js 16.0.6
2025-12-05 20:06:40:    - Local:         http://localhost:3000
2025-12-05 20:06:40:    - Network:       http://0.0.0.0:3000
2025-12-05 20:06:40: 
2025-12-05 20:06:40:  ✓ Starting...
2025-12-05 20:06:40:    ▲ Next.js 16.0.6
2025-12-05 20:06:40:    - Local:         http://localhost:3000
2025-12-05 20:06:40:    - Network:       http://0.0.0.0:3000
2025-12-05 20:06:40: 
2025-12-05 20:06:40:  ✓ Starting...
2025-12-05 20:06:40:    ▲ Next.js 16.0.6
2025-12-05 20:06:40:  ✓ Ready in 141ms
2025-12-05 20:06:40:    - Local:         http://localhost:3000
2025-12-05 20:06:40:    - Network:       http://0.0.0.0:3000
2025-12-05 20:06:40: 
2025-12-05 20:06:40:  ✓ Starting...
2025-12-05 20:06:40:  ✓ Ready in 137ms
2025-12-05 20:06:40:  ✓ Ready in 127ms
2025-12-05 20:06:40:    ▲ Next.js 16.0.6
2025-12-05 20:06:40:  ✓ Ready in 88ms
2025-12-05 20:06:40:    - Local:         http://localhost:3000
2025-12-05 20:06:40:    - Network:       http://0.0.0.0:3000
2025-12-05 20:06:40: 
2025-12-05 20:06:40:  ✓ Starting...
2025-12-05 20:06:40:    ▲ Next.js 16.0.6
2025-12-05 20:06:40:    - Local:         http://localhost:3000
2025-12-05 20:06:40:    - Network:       http://0.0.0.0:3000
2025-12-05 20:06:40: 
2025-12-05 20:06:40:  ✓ Starting...
2025-12-05 20:06:40:    ▲ Next.js 16.0.6
2025-12-05 20:06:40:    - Local:         http://localhost:3000
2025-12-05 20:06:40:    - Network:       http://0.0.0.0:3000
2025-12-05 20:06:40: 
2025-12-05 20:06:40:  ✓ Starting...
2025-12-05 20:06:40:  ✓ Ready in 109ms
2025-12-05 20:06:40:    ▲ Next.js 16.0.6
2025-12-05 20:06:40:    - Local:         http://localhost:3000
2025-12-05 20:06:40:    - Network:       http://0.0.0.0:3000
2025-12-05 20:06:40: 
2025-12-05 20:06:40:  ✓ Starting...
2025-12-05 20:06:40:    ▲ Next.js 16.0.6
2025-12-05 20:06:40:  ✓ Ready in 114ms
2025-12-05 20:06:40:    - Local:         http://localhost:3000
2025-12-05 20:06:40:    - Network:       http://0.0.0.0:3000
2025-12-05 20:06:40: 
2025-12-05 20:06:40:  ✓ Starting...
2025-12-05 20:06:40:  ✓ Ready in 90ms
2025-12-05 20:06:40:    ▲ Next.js 16.0.6
2025-12-05 20:06:40:    - Local:         http://localhost:3000
2025-12-05 20:06:40:    - Network:       http://0.0.0.0:3000
2025-12-05 20:06:40: 
2025-12-05 20:06:40:  ✓ Starting...
2025-12-05 20:06:40:  ✓ Ready in 61ms
2025-12-05 20:06:40:  ✓ Ready in 65ms
2025-12-05 20:06:40:  ✓ Ready in 53ms
2025-12-05 20:07:07: { url: [Getter] } import.meta
2025-12-05 20:09:08: { url: [Getter] } import.meta
2025-12-05 20:09:30: { url: [Getter] } import.meta
2025-12-05 23:05:08:    ▲ Next.js 16.0.6
2025-12-05 23:05:08:    - Local:         http://localhost:3000
2025-12-05 23:05:08:    - Network:       http://0.0.0.0:3000
2025-12-05 23:05:08: 
2025-12-05 23:05:08:  ✓ Starting...
2025-12-05 23:05:08:    ▲ Next.js 16.0.6
2025-12-05 23:05:08:    - Local:         http://localhost:3000
2025-12-05 23:05:08:    - Network:       http://0.0.0.0:3000
2025-12-05 23:05:08: 
2025-12-05 23:05:08:  ✓ Starting...
2025-12-05 23:05:08:    ▲ Next.js 16.0.6
2025-12-05 23:05:08:    - Local:         http://localhost:3000
2025-12-05 23:05:08:    - Network:       http://0.0.0.0:3000
2025-12-05 23:05:08: 
2025-12-05 23:05:08:  ✓ Starting...
2025-12-05 23:05:09:    ▲ Next.js 16.0.6
2025-12-05 23:05:09:    - Local:         http://localhost:3000
2025-12-05 23:05:09:    - Network:       http://0.0.0.0:3000
2025-12-05 23:05:09: 
2025-12-05 23:05:09:  ✓ Starting...
2025-12-05 23:05:09:  ✓ Ready in 147ms
2025-12-05 23:05:09:  ✓ Ready in 122ms
2025-12-05 23:05:09:  ✓ Ready in 127ms
2025-12-05 23:05:09:    ▲ Next.js 16.0.6
2025-12-05 23:05:09:    ▲ Next.js 16.0.6
2025-12-05 23:05:09:    - Local:         http://localhost:3000
2025-12-05 23:05:09:    - Network:       http://0.0.0.0:3000
2025-12-05 23:05:09: 
2025-12-05 23:05:09:  ✓ Starting...
2025-12-05 23:05:09:    - Local:         http://localhost:3000
2025-12-05 23:05:09:    - Network:       http://0.0.0.0:3000
2025-12-05 23:05:09: 
2025-12-05 23:05:09:  ✓ Starting...
2025-12-05 23:05:09:  ✓ Ready in 132ms
2025-12-05 23:05:09:    ▲ Next.js 16.0.6
2025-12-05 23:05:09:    - Local:         http://localhost:3000
2025-12-05 23:05:09:    - Network:       http://0.0.0.0:3000
2025-12-05 23:05:09: 
2025-12-05 23:05:09:  ✓ Starting...
2025-12-05 23:05:09:  ✓ Ready in 88ms
2025-12-05 23:05:09:  ✓ Ready in 99ms
2025-12-05 23:05:09:    ▲ Next.js 16.0.6
2025-12-05 23:05:09:    - Local:         http://localhost:3000
2025-12-05 23:05:09:    - Network:       http://0.0.0.0:3000
2025-12-05 23:05:09: 
2025-12-05 23:05:09:  ✓ Starting...
2025-12-05 23:05:09:    ▲ Next.js 16.0.6
2025-12-05 23:05:09:    - Local:         http://localhost:3000
2025-12-05 23:05:09:    - Network:       http://0.0.0.0:3000
2025-12-05 23:05:09: 
2025-12-05 23:05:09:  ✓ Starting...
2025-12-05 23:05:09:  ✓ Ready in 74ms
2025-12-05 23:05:09:  ✓ Ready in 71ms
2025-12-05 23:05:09:    ▲ Next.js 16.0.6
2025-12-05 23:05:09:  ✓ Ready in 60ms
2025-12-05 23:05:09:    - Local:         http://localhost:3000
2025-12-05 23:05:09:    - Network:       http://0.0.0.0:3000
2025-12-05 23:05:09: 
2025-12-05 23:05:09:  ✓ Starting...
2025-12-05 23:05:09:  ✓ Ready in 43ms
2025-12-05 23:05:14: [landing] buildEncodedHtml start
2025-12-05 23:05:14: [landing] NODE_ENV = production
2025-12-05 23:05:14: [landing] __dirname = /ROOT/app
2025-12-05 23:05:14: [landing] cwd = /Users/ace/Desktop/nextjs-boilerplate-main/.next/standalone
2025-12-05 23:05:14: [landing] htmlPath = /landing.html
2025-12-05 23:05:14: [landing] jsPath = /landing-secret.js
2025-12-05 23:05:15: [landing] buildEncodedHtml start
2025-12-05 23:05:15: [landing] NODE_ENV = production
2025-12-05 23:05:15: [landing] __dirname = /ROOT/app
2025-12-05 23:05:15: [landing] cwd = /Users/ace/Desktop/nextjs-boilerplate-main/.next/standalone
2025-12-05 23:05:15: [landing] htmlPath = /landing.html
2025-12-05 23:05:15: [landing] jsPath = /landing-secret.js
2025-12-05 23:05:39:    ▲ Next.js 16.0.6
2025-12-05 23:05:39:    ▲ Next.js 16.0.6
2025-12-05 23:05:39:    - Local:         http://localhost:3000
2025-12-05 23:05:39:    - Network:       http://0.0.0.0:3000
2025-12-05 23:05:39: 
2025-12-05 23:05:39:  ✓ Starting...
2025-12-05 23:05:39:    - Local:         http://localhost:3000
2025-12-05 23:05:39:    - Network:       http://0.0.0.0:3000
2025-12-05 23:05:39: 
2025-12-05 23:05:39:  ✓ Starting...
2025-12-05 23:05:39:  ✓ Ready in 63ms
2025-12-05 23:05:39:  ✓ Ready in 60ms
2025-12-05 23:05:39:    ▲ Next.js 16.0.6
2025-12-05 23:05:39:    ▲ Next.js 16.0.6
2025-12-05 23:05:39:    - Local:         http://localhost:3000
2025-12-05 23:05:39:    - Network:       http://0.0.0.0:3000
2025-12-05 23:05:39: 
2025-12-05 23:05:39:  ✓ Starting...
2025-12-05 23:05:39:    - Local:         http://localhost:3000
2025-12-05 23:05:39:    - Network:       http://0.0.0.0:3000
2025-12-05 23:05:39: 
2025-12-05 23:05:39:  ✓ Starting...
2025-12-05 23:05:39:  ✓ Ready in 55ms
2025-12-05 23:05:39:  ✓ Ready in 58ms
2025-12-05 23:05:39:    ▲ Next.js 16.0.6
2025-12-05 23:05:39:    - Local:         http://localhost:3000
2025-12-05 23:05:39:    - Network:       http://0.0.0.0:3000
2025-12-05 23:05:39: 
2025-12-05 23:05:39:  ✓ Starting...
2025-12-05 23:05:39:    ▲ Next.js 16.0.6
2025-12-05 23:05:39:    - Local:         http://localhost:3000
2025-12-05 23:05:39:    - Network:       http://0.0.0.0:3000
2025-12-05 23:05:39: 
2025-12-05 23:05:39:  ✓ Starting...
2025-12-05 23:05:39:  ✓ Ready in 54ms
2025-12-05 23:05:39:  ✓ Ready in 55ms
2025-12-05 23:05:39:    ▲ Next.js 16.0.6
2025-12-05 23:05:39:    - Local:         http://localhost:3000
2025-12-05 23:05:39:    - Network:       http://0.0.0.0:3000
2025-12-05 23:05:39: 
2025-12-05 23:05:39:  ✓ Starting...
2025-12-05 23:05:39:    ▲ Next.js 16.0.6
2025-12-05 23:05:39:    - Local:         http://localhost:3000
2025-12-05 23:05:39:    - Network:       http://0.0.0.0:3000
2025-12-05 23:05:39: 
2025-12-05 23:05:39:  ✓ Starting...
2025-12-05 23:05:39:  ✓ Ready in 61ms
2025-12-05 23:05:39:  ✓ Ready in 63ms
2025-12-05 23:05:39:    ▲ Next.js 16.0.6
2025-12-05 23:05:39:    ▲ Next.js 16.0.6
2025-12-05 23:05:39:    - Local:         http://localhost:3000
2025-12-05 23:05:39:    - Network:       http://0.0.0.0:3000
2025-12-05 23:05:39: 
2025-12-05 23:05:39:  ✓ Starting...
2025-12-05 23:05:39:    - Local:         http://localhost:3000
2025-12-05 23:05:39:    - Network:       http://0.0.0.0:3000
2025-12-05 23:05:39: 
2025-12-05 23:05:39:  ✓ Starting...
2025-12-05 23:05:39:  ✓ Ready in 44ms
2025-12-05 23:05:39:  ✓ Ready in 44ms
2025-12-05 23:05:41: [landing] buildEncodedHtml start
2025-12-05 23:05:41: [landing] NODE_ENV = production
2025-12-05 23:05:41: [landing] __dirname = /ROOT/app
2025-12-05 23:05:41: [landing] cwd = /Users/ace/Desktop/nextjs-boilerplate-main/.next/standalone
2025-12-05 23:05:41: [landing] htmlPath = /landing.html
2025-12-05 23:05:41: [landing] jsPath = /landing-secret.js
2025-12-05 23:05:41: [landing] buildEncodedHtml start
2025-12-05 23:05:41: [landing] NODE_ENV = production
2025-12-05 23:05:41: [landing] __dirname = /ROOT/app
2025-12-05 23:05:41: [landing] cwd = /Users/ace/Desktop/nextjs-boilerplate-main/.next/standalone
2025-12-05 23:05:41: [landing] htmlPath = /landing.html
2025-12-05 23:05:41: [landing] jsPath = /landing-secret.js
2025-12-05 23:05:42: [landing] buildEncodedHtml start
2025-12-05 23:05:42: [landing] NODE_ENV = production
2025-12-05 23:05:42: [landing] __dirname = /ROOT/app
2025-12-05 23:05:42: [landing] cwd = /Users/ace/Desktop/nextjs-boilerplate-main/.next/standalone
2025-12-05 23:05:42: [landing] htmlPath = /landing.html
2025-12-05 23:05:42: [landing] jsPath = /landing-secret.js
2025-12-05 23:05:42: [landing] buildEncodedHtml start
2025-12-05 23:05:42: [landing] NODE_ENV = production
2025-12-05 23:05:42: [landing] __dirname = /ROOT/app
2025-12-05 23:05:42: [landing] cwd = /Users/ace/Desktop/nextjs-boilerplate-main/.next/standalone
2025-12-05 23:05:42: [landing] htmlPath = /landing.html
2025-12-05 23:05:42: [landing] jsPath = /landing-secret.js
2025-12-05 23:05:42: [landing] buildEncodedHtml start
2025-12-05 23:05:42: [landing] NODE_ENV = production
2025-12-05 23:05:42: [landing] __dirname = /ROOT/app
2025-12-05 23:05:42: [landing] cwd = /Users/ace/Desktop/nextjs-boilerplate-main/.next/standalone
2025-12-05 23:05:42: [landing] htmlPath = /landing.html
2025-12-05 23:05:42: [landing] jsPath = /landing-secret.js
2025-12-05 23:05:42: [landing] buildEncodedHtml start
2025-12-05 23:05:42: [landing] NODE_ENV = production
2025-12-05 23:05:42: [landing] __dirname = /ROOT/app
2025-12-05 23:05:42: [landing] cwd = /Users/ace/Desktop/nextjs-boilerplate-main/.next/standalone
2025-12-05 23:05:42: [landing] htmlPath = /landing.html
2025-12-05 23:05:42: [landing] jsPath = /landing-secret.js
2025-12-05 23:05:47: [landing] buildEncodedHtml start
2025-12-05 23:05:47: [landing] NODE_ENV = production
2025-12-05 23:05:47: [landing] __dirname = /ROOT/app
2025-12-05 23:05:47: [landing] cwd = /Users/ace/Desktop/nextjs-boilerplate-main/.next/standalone
2025-12-05 23:05:47: [landing] htmlPath = /landing.html
2025-12-05 23:05:47: [landing] jsPath = /landing-secret.js
2025-12-05 23:05:48: [landing] buildEncodedHtml start
2025-12-05 23:05:48: [landing] NODE_ENV = production
2025-12-05 23:05:48: [landing] __dirname = /ROOT/app
2025-12-05 23:05:48: [landing] cwd = /Users/ace/Desktop/nextjs-boilerplate-main/.next/standalone
2025-12-05 23:05:48: [landing] htmlPath = /landing.html
2025-12-05 23:05:48: [landing] jsPath = /landing-secret.js
2025-12-05 23:05:48: [landing] buildEncodedHtml start
2025-12-05 23:05:48: [landing] NODE_ENV = production
2025-12-05 23:05:48: [landing] __dirname = /ROOT/app
2025-12-05 23:05:48: [landing] cwd = /Users/ace/Desktop/nextjs-boilerplate-main/.next/standalone
2025-12-05 23:05:48: [landing] htmlPath = /landing.html
2025-12-05 23:05:48: [landing] jsPath = /landing-secret.js
2025-12-05 23:05:58:    ▲ Next.js 16.0.6
2025-12-05 23:05:58:    ▲ Next.js 16.0.6
2025-12-05 23:05:58:    - Local:         http://localhost:3000
2025-12-05 23:05:58:    - Network:       http://0.0.0.0:3000
2025-12-05 23:05:58: 
2025-12-05 23:05:58:  ✓ Starting...
2025-12-05 23:05:58:    - Local:         http://localhost:3000
2025-12-05 23:05:58:    - Network:       http://0.0.0.0:3000
2025-12-05 23:05:58: 
2025-12-05 23:05:58:  ✓ Starting...
2025-12-05 23:05:58:  ✓ Ready in 49ms
2025-12-05 23:05:58:  ✓ Ready in 51ms
2025-12-05 23:05:58:    ▲ Next.js 16.0.6
2025-12-05 23:05:58:    - Local:         http://localhost:3000
2025-12-05 23:05:58:    - Network:       http://0.0.0.0:3000
2025-12-05 23:05:58: 
2025-12-05 23:05:58:  ✓ Starting...
2025-12-05 23:05:58:    ▲ Next.js 16.0.6
2025-12-05 23:05:58:    - Local:         http://localhost:3000
2025-12-05 23:05:58:    - Network:       http://0.0.0.0:3000
2025-12-05 23:05:58: 
2025-12-05 23:05:58:  ✓ Starting...
2025-12-05 23:05:58:  ✓ Ready in 55ms
2025-12-05 23:05:58:  ✓ Ready in 52ms
2025-12-05 23:05:58:    ▲ Next.js 16.0.6
2025-12-05 23:05:58:    ▲ Next.js 16.0.6
2025-12-05 23:05:58:    - Local:         http://localhost:3000
2025-12-05 23:05:58:    - Network:       http://0.0.0.0:3000
2025-12-05 23:05:58: 
2025-12-05 23:05:58:  ✓ Starting...
2025-12-05 23:05:58:    - Local:         http://localhost:3000
2025-12-05 23:05:58:    - Network:       http://0.0.0.0:3000
2025-12-05 23:05:58: 
2025-12-05 23:05:58:  ✓ Starting...
2025-12-05 23:05:58:  ✓ Ready in 50ms
2025-12-05 23:05:58:  ✓ Ready in 52ms
2025-12-05 23:05:58:    ▲ Next.js 16.0.6
2025-12-05 23:05:58:    - Local:         http://localhost:3000
2025-12-05 23:05:58:    - Network:       http://0.0.0.0:3000
2025-12-05 23:05:58: 
2025-12-05 23:05:58:  ✓ Starting...
2025-12-05 23:05:58:    ▲ Next.js 16.0.6
2025-12-05 23:05:58:    - Local:         http://localhost:3000
2025-12-05 23:05:58:    - Network:       http://0.0.0.0:3000
2025-12-05 23:05:58: 
2025-12-05 23:05:58:  ✓ Starting...
2025-12-05 23:05:58:  ✓ Ready in 61ms
2025-12-05 23:05:58:  ✓ Ready in 63ms
2025-12-05 23:05:58:    ▲ Next.js 16.0.6
2025-12-05 23:05:58:    - Local:         http://localhost:3000
2025-12-05 23:05:58:    - Network:       http://0.0.0.0:3000
2025-12-05 23:05:58: 
2025-12-05 23:05:58:  ✓ Starting...
2025-12-05 23:05:58:  ✓ Ready in 39ms
2025-12-05 23:05:58:    ▲ Next.js 16.0.6
2025-12-05 23:05:58:    - Local:         http://localhost:3000
2025-12-05 23:05:58:    - Network:       http://0.0.0.0:3000
2025-12-05 23:05:58: 
2025-12-05 23:05:58:  ✓ Starting...
2025-12-05 23:05:58:  ✓ Ready in 39ms
2025-12-05 23:05:59: [landing] buildEncodedHtml start
2025-12-05 23:05:59: [landing] NODE_ENV = production
2025-12-05 23:05:59: [landing] __dirname = /ROOT/app
2025-12-05 23:05:59: [landing] cwd = /Users/ace/Desktop/nextjs-boilerplate-main/.next/standalone
2025-12-05 23:05:59: [landing] htmlPath = /landing.html
2025-12-05 23:05:59: [landing] jsPath = /landing-secret.js
2025-12-05 23:05:59: [landing] buildEncodedHtml start
2025-12-05 23:05:59: [landing] NODE_ENV = production
2025-12-05 23:05:59: [landing] __dirname = /ROOT/app
2025-12-05 23:05:59: [landing] cwd = /Users/ace/Desktop/nextjs-boilerplate-main/.next/standalone
2025-12-05 23:05:59: [landing] htmlPath = /landing.html
2025-12-05 23:05:59: [landing] jsPath = /landing-secret.js
2025-12-05 23:06:00: [landing] buildEncodedHtml start
2025-12-05 23:06:00: [landing] NODE_ENV = production
2025-12-05 23:06:00: [landing] __dirname = /ROOT/app
2025-12-05 23:06:00: [landing] cwd = /Users/ace/Desktop/nextjs-boilerplate-main/.next/standalone
2025-12-05 23:06:00: [landing] htmlPath = /landing.html
2025-12-05 23:06:00: [landing] jsPath = /landing-secret.js
2025-12-05 23:06:00: [landing] buildEncodedHtml start
2025-12-05 23:06:00: [landing] NODE_ENV = production
2025-12-05 23:06:00: [landing] __dirname = /ROOT/app
2025-12-05 23:06:00: [landing] cwd = /Users/ace/Desktop/nextjs-boilerplate-main/.next/standalone
2025-12-05 23:06:00: [landing] htmlPath = /landing.html
2025-12-05 23:06:00: [landing] jsPath = /landing-secret.js
2025-12-05 23:06:00: [landing] buildEncodedHtml start
2025-12-05 23:06:00: [landing] NODE_ENV = production
2025-12-05 23:06:00: [landing] __dirname = /ROOT/app
2025-12-05 23:06:00: [landing] cwd = /Users/ace/Desktop/nextjs-boilerplate-main/.next/standalone
2025-12-05 23:06:00: [landing] htmlPath = /landing.html
2025-12-05 23:06:00: [landing] jsPath = /landing-secret.js
2025-12-05 23:06:00: [landing] buildEncodedHtml start
2025-12-05 23:06:00: [landing] NODE_ENV = production
2025-12-05 23:06:00: [landing] __dirname = /ROOT/app
2025-12-05 23:06:00: [landing] cwd = /Users/ace/Desktop/nextjs-boilerplate-main/.next/standalone
2025-12-05 23:06:00: [landing] htmlPath = /landing.html
2025-12-05 23:06:00: [landing] jsPath = /landing-secret.js
2025-12-05 23:08:04:    ▲ Next.js 16.0.6
2025-12-05 23:08:04:    ▲ Next.js 16.0.6
2025-12-05 23:08:04:    - Local:         http://localhost:3000
2025-12-05 23:08:04:    - Network:       http://0.0.0.0:3000
2025-12-05 23:08:04: 
2025-12-05 23:08:04:  ✓ Starting...
2025-12-05 23:08:04:    - Local:         http://localhost:3000
2025-12-05 23:08:04:    - Network:       http://0.0.0.0:3000
2025-12-05 23:08:04: 
2025-12-05 23:08:04:  ✓ Starting...
2025-12-05 23:08:04:  ✓ Ready in 53ms
2025-12-05 23:08:04:  ✓ Ready in 51ms
2025-12-05 23:08:04:    ▲ Next.js 16.0.6
2025-12-05 23:08:04:    - Local:         http://localhost:3000
2025-12-05 23:08:04:    - Network:       http://0.0.0.0:3000
2025-12-05 23:08:04: 
2025-12-05 23:08:04:  ✓ Starting...
2025-12-05 23:08:04:    ▲ Next.js 16.0.6
2025-12-05 23:08:04:    - Local:         http://localhost:3000
2025-12-05 23:08:04:    - Network:       http://0.0.0.0:3000
2025-12-05 23:08:04: 
2025-12-05 23:08:04:  ✓ Starting...
2025-12-05 23:08:04:  ✓ Ready in 55ms
2025-12-05 23:08:04:  ✓ Ready in 52ms
2025-12-05 23:08:04:    ▲ Next.js 16.0.6
2025-12-05 23:08:04:    - Local:         http://localhost:3000
2025-12-05 23:08:04:    - Network:       http://0.0.0.0:3000
2025-12-05 23:08:04: 
2025-12-05 23:08:04:  ✓ Starting...
2025-12-05 23:08:04:    ▲ Next.js 16.0.6
2025-12-05 23:08:04:    - Local:         http://localhost:3000
2025-12-05 23:08:04:    - Network:       http://0.0.0.0:3000
2025-12-05 23:08:04: 
2025-12-05 23:08:04:  ✓ Starting...
2025-12-05 23:08:04:  ✓ Ready in 54ms
2025-12-05 23:08:04:  ✓ Ready in 52ms
2025-12-05 23:08:04:    ▲ Next.js 16.0.6
2025-12-05 23:08:04:    - Local:         http://localhost:3000
2025-12-05 23:08:04:    - Network:       http://0.0.0.0:3000
2025-12-05 23:08:04: 
2025-12-05 23:08:04:  ✓ Starting...
2025-12-05 23:08:04:    ▲ Next.js 16.0.6
2025-12-05 23:08:04:    - Local:         http://localhost:3000
2025-12-05 23:08:04:    - Network:       http://0.0.0.0:3000
2025-12-05 23:08:04: 
2025-12-05 23:08:04:  ✓ Starting...
2025-12-05 23:08:04:  ✓ Ready in 60ms
2025-12-05 23:08:04:  ✓ Ready in 64ms
2025-12-05 23:08:04:    ▲ Next.js 16.0.6
2025-12-05 23:08:04:    - Local:         http://localhost:3000
2025-12-05 23:08:04:    - Network:       http://0.0.0.0:3000
2025-12-05 23:08:04: 
2025-12-05 23:08:04:  ✓ Starting...
2025-12-05 23:08:04:    ▲ Next.js 16.0.6
2025-12-05 23:08:04:    - Local:         http://localhost:3000
2025-12-05 23:08:04:    - Network:       http://0.0.0.0:3000
2025-12-05 23:08:04: 
2025-12-05 23:08:04:  ✓ Starting...
2025-12-05 23:08:04:  ✓ Ready in 41ms
2025-12-05 23:08:04:  ✓ Ready in 41ms
2025-12-05 23:08:07: [landing] buildEncodedHtml start
2025-12-05 23:08:07: [landing] NODE_ENV = production
2025-12-05 23:08:07: [landing] __dirname = /ROOT/app
2025-12-05 23:08:07: [landing] cwd = /Users/ace/Desktop/nextjs-boilerplate-main/.next/standalone
2025-12-05 23:08:07: [landing] htmlPath = /Users/ace/Desktop/nextjs-boilerplate-main/.next/standalone/landing.html
2025-12-05 23:08:07: [landing] jsPath = /Users/ace/Desktop/nextjs-boilerplate-main/.next/standalone/landing-secret.js
2025-12-05 23:08:07: [landing] read files ok
2025-12-05 23:08:07: [download] DOWNLOAD_API_URL = undefined
2025-12-05 23:08:07: [landing] urls = # #
2025-12-05 23:08:07: [landing] encoded len = 2010
2025-12-05 23:08:08: [landing] buildEncodedHtml start
2025-12-05 23:08:08: [landing] NODE_ENV = production
2025-12-05 23:08:08: [landing] __dirname = /ROOT/app
2025-12-05 23:08:08: [landing] cwd = /Users/ace/Desktop/nextjs-boilerplate-main/.next/standalone
2025-12-05 23:08:08: [landing] htmlPath = /Users/ace/Desktop/nextjs-boilerplate-main/.next/standalone/landing.html
2025-12-05 23:08:08: [landing] jsPath = /Users/ace/Desktop/nextjs-boilerplate-main/.next/standalone/landing-secret.js
2025-12-05 23:08:08: [landing] read files ok
2025-12-05 23:08:08: [download] DOWNLOAD_API_URL = undefined
2025-12-05 23:08:08: [landing] urls = # #
2025-12-05 23:08:08: [landing] encoded len = 2010
2025-12-05 23:08:13: [landing] buildEncodedHtml start
2025-12-05 23:08:13: [landing] NODE_ENV = production
2025-12-05 23:08:13: [landing] __dirname = /ROOT/app
2025-12-05 23:08:13: [landing] cwd = /Users/ace/Desktop/nextjs-boilerplate-main/.next/standalone
2025-12-05 23:08:13: [landing] htmlPath = /Users/ace/Desktop/nextjs-boilerplate-main/.next/standalone/landing.html
2025-12-05 23:08:13: [landing] jsPath = /Users/ace/Desktop/nextjs-boilerplate-main/.next/standalone/landing-secret.js
2025-12-05 23:08:13: [landing] read files ok
2025-12-05 23:08:13: [download] DOWNLOAD_API_URL = undefined
2025-12-05 23:08:13: [landing] urls = # #
2025-12-05 23:08:14: [landing] encoded len = 2010
